<?xml version="1.0" encoding="UTF-8"?>
<!-- Generated by org.testng.reporters.JUnitReportReporter -->
<testsuite hostname="LAPTOP-P9PJBISD" failures="0" tests="6" name="testPackage.day3" time="0.012" errors="0" timestamp="2022-09-14T11:30:20 EDT" skipped="0">
  <testcase classname="testPackage.day3" name="LoginAPIcarloan" time="0.002"/>
  <system-out/>
  <testcase classname="testPackage.day3" name="Weblogin" time="0.002"/>
  <system-out/>
  <testcase classname="testPackage.day3" name="MobileLogin" time="0.002"/>
  <system-out/>
  <testcase classname="testPackage.day3" name="LoginAPIcarloan" time="0.002"/>
  <system-out/>
  <testcase classname="testPackage.day3" name="MobileLogin" time="0.002"/>
  <system-out/>
  <testcase classname="testPackage.day3" name="Weblogin" time="0.002"/>
  <system-out/>
</testsuite> <!-- testPackage.day3 -->
