<?xml version="1.0" encoding="UTF-8"?>
<!-- Generated by org.testng.reporters.JUnitReportReporter -->
<testsuite hostname="LAPTOP-P9PJBISD" failures="0" tests="2" name="testPackage.BasicTestNG" time="0.016" errors="0" timestamp="2022-09-14T11:30:20 EDT" skipped="0">
  <testcase classname="testPackage.BasicTestNG" name="Demo" time="0.013"/>
  <system-out/>
  <testcase classname="testPackage.BasicTestNG" name="SecondTest" time="0.003"/>
  <system-out/>
</testsuite> <!-- testPackage.BasicTestNG -->
