<?xml version="1.0" encoding="UTF-8"?>
<!-- Generated by org.testng.reporters.JUnitReportReporter -->
<testsuite hostname="LAPTOP-P9PJBISD" failures="0" tests="1" name="testPackage.day4" time="0.002" errors="0" timestamp="2022-09-14T16:59:34 EDT" skipped="0">
  <testcase classname="testPackage.day4" name="NewCar" time="0.002"/>
  <system-out/>
</testsuite> <!-- testPackage.day4 -->
