<?xml version="1.0" encoding="UTF-8"?>
<!-- Generated by org.testng.reporters.JUnitReportReporter -->
<testsuite hostname="LAPTOP-P9PJBISD" failures="0" tests="1" name="testPackage.day3" time="0.001" errors="0" timestamp="2022-09-14T16:59:34 EDT" skipped="0">
  <testcase classname="testPackage.day3" name="Weblogin" time="0.001"/>
  <system-out/>
</testsuite> <!-- testPackage.day3 -->
