<?xml version="1.0" encoding="UTF-8"?>
<!-- Generated by org.testng.reporters.JUnitReportReporter -->
<testsuite hostname="LAPTOP-P9PJBISD" failures="0" tests="1" name="testPackage.BasicTestNG" time="0.005" errors="0" timestamp="2022-09-14T16:41:56 EDT" skipped="0">
  <testcase classname="testPackage.BasicTestNG" name="Demo" time="0.005"/>
  <system-out/>
</testsuite> <!-- testPackage.BasicTestNG -->
