<?xml version="1.0" encoding="UTF-8"?>
<!-- Generated by org.testng.reporters.JUnitReportReporter -->
<testsuite hostname="LAPTOP-P9PJBISD" failures="0" tests="1" name="testPackage.BasicTestNG" time="0.067" errors="0" timestamp="2022-09-14T10:23:16 EDT" skipped="0">
  <testcase classname="testPackage.BasicTestNG" name="Demo" time="0.067"/>
  <system-out/>
</testsuite> <!-- testPackage.BasicTestNG -->
