<?xml version="1.0" encoding="UTF-8"?>
<!-- Generated by org.testng.reporters.JUnitReportReporter -->
<testsuite hostname="LAPTOP-P9PJBISD" failures="0" tests="1" name="testPackage.day2" time="0.008" errors="0" timestamp="2022-09-14T16:59:34 EDT" skipped="0">
  <testcase classname="testPackage.day2" name="New" time="0.008"/>
  <system-out/>
</testsuite> <!-- testPackage.day2 -->
